Connecting to database specified by database.yml
Connecting to database specified by database.yml
  [1m[36m (0.2ms)[0m  [1mselect sqlite_version(*)[0m
  [1m[35m (1.6ms)[0m  CREATE TABLE "schema_migrations" ("version" varchar(255) NOT NULL) 
  [1m[36m (1.3ms)[0m  [1mCREATE UNIQUE INDEX "unique_schema_migrations" ON "schema_migrations" ("version")[0m
  [1m[35m (0.9ms)[0m  SELECT "schema_migrations"."version" FROM "schema_migrations" 
Migrating to CreateUsers (20131209144657)
  [1m[36m (0.0ms)[0m  [1mbegin transaction[0m
  [1m[35m (0.3ms)[0m  CREATE TABLE "users" ("id" INTEGER PRIMARY KEY AUTOINCREMENT NOT NULL, "name" varchar(255), "email" varchar(255), "created_at" datetime NOT NULL, "updated_at" datetime NOT NULL) 
  [1m[36m (0.1ms)[0m  [1mINSERT INTO "schema_migrations" ("version") VALUES ('20131209144657')[0m
  [1m[35m (1.5ms)[0m  commit transaction
  [1m[36m (0.1ms)[0m  [1mSELECT "schema_migrations"."version" FROM "schema_migrations" [0m


Started GET "/assets/rails.png" for 127.0.0.1 at 2013-12-09 09:48:13 -0500
Connecting to database specified by database.yml
Served asset /rails.png - 304 Not Modified (14ms)


Started GET "/user" for 127.0.0.1 at 2013-12-09 09:48:19 -0500

ActionController::RoutingError (No route matches [GET] "/user"):
  actionpack (3.2.14) lib/action_dispatch/middleware/debug_exceptions.rb:21:in `call'
  actionpack (3.2.14) lib/action_dispatch/middleware/show_exceptions.rb:56:in `call'
  railties (3.2.14) lib/rails/rack/logger.rb:32:in `call_app'
  railties (3.2.14) lib/rails/rack/logger.rb:16:in `block in call'
  activesupport (3.2.14) lib/active_support/tagged_logging.rb:22:in `tagged'
  railties (3.2.14) lib/rails/rack/logger.rb:16:in `call'
  actionpack (3.2.14) lib/action_dispatch/middleware/request_id.rb:22:in `call'
  rack (1.4.5) lib/rack/methodoverride.rb:21:in `call'
  rack (1.4.5) lib/rack/runtime.rb:17:in `call'
  activesupport (3.2.14) lib/active_support/cache/strategy/local_cache.rb:72:in `call'
  rack (1.4.5) lib/rack/lock.rb:15:in `call'
  actionpack (3.2.14) lib/action_dispatch/middleware/static.rb:63:in `call'
  railties (3.2.14) lib/rails/engine.rb:484:in `call'
  railties (3.2.14) lib/rails/application.rb:231:in `call'
  rack (1.4.5) lib/rack/content_length.rb:14:in `call'
  railties (3.2.14) lib/rails/rack/log_tailer.rb:17:in `call'
  rack (1.4.5) lib/rack/handler/webrick.rb:59:in `service'
  /Users/development/.rvm/rubies/ruby-1.9.3-p392/lib/ruby/1.9.1/webrick/httpserver.rb:138:in `service'
  /Users/development/.rvm/rubies/ruby-1.9.3-p392/lib/ruby/1.9.1/webrick/httpserver.rb:94:in `run'
  /Users/development/.rvm/rubies/ruby-1.9.3-p392/lib/ruby/1.9.1/webrick/server.rb:191:in `block in start_thread'


  Rendered /Users/development/.rvm/gems/ruby-1.9.3-p392/gems/actionpack-3.2.14/lib/action_dispatch/middleware/templates/rescues/routing_error.erb within rescues/layout (2.0ms)


Started GET "/users" for 127.0.0.1 at 2013-12-09 09:50:21 -0500
Processing by UsersController#index as HTML
  [1m[36mUser Load (0.1ms)[0m  [1mSELECT "users".* FROM "users" [0m
  Rendered users/index.html.erb within layouts/application (1.1ms)
Compiled scaffolds.css  (35ms)  (pid 63352)
Compiled users.css  (1ms)  (pid 63352)
Compiled application.css  (49ms)  (pid 63352)
Compiled jquery.js  (1ms)  (pid 63352)
Compiled jquery_ujs.js  (0ms)  (pid 63352)
Compiled users.js  (457ms)  (pid 63352)
Compiled application.js  (503ms)  (pid 63352)
Completed 200 OK in 628ms (Views: 591.3ms | ActiveRecord: 1.2ms)


Started GET "/assets/application.css?body=1" for 127.0.0.1 at 2013-12-09 09:50:22 -0500
Served asset /application.css - 200 OK (6ms)


Started GET "/assets/scaffolds.css?body=1" for 127.0.0.1 at 2013-12-09 09:50:22 -0500
Served asset /scaffolds.css - 200 OK (1ms)


Started GET "/assets/users.css?body=1" for 127.0.0.1 at 2013-12-09 09:50:22 -0500
Served asset /users.css - 200 OK (1ms)


Started GET "/assets/jquery_ujs.js?body=1" for 127.0.0.1 at 2013-12-09 09:50:22 -0500
Served asset /jquery_ujs.js - 200 OK (1ms)


Started GET "/assets/jquery.js?body=1" for 127.0.0.1 at 2013-12-09 09:50:22 -0500
Served asset /jquery.js - 200 OK (2ms)


Started GET "/assets/users.js?body=1" for 127.0.0.1 at 2013-12-09 09:50:22 -0500
Served asset /users.js - 200 OK (1ms)


Started GET "/assets/application.js?body=1" for 127.0.0.1 at 2013-12-09 09:50:22 -0500
Served asset /application.js - 200 OK (3ms)


Started GET "/users/new" for 127.0.0.1 at 2013-12-09 09:51:34 -0500
Processing by UsersController#new as HTML
  Rendered users/_form.html.erb (50.1ms)
  Rendered users/new.html.erb within layouts/application (83.0ms)
Completed 200 OK in 90ms (Views: 86.4ms | ActiveRecord: 0.0ms)


Started GET "/assets/scaffolds.css?body=1" for 127.0.0.1 at 2013-12-09 09:51:34 -0500
Served asset /scaffolds.css - 304 Not Modified (0ms)


Started GET "/assets/users.js?body=1" for 127.0.0.1 at 2013-12-09 09:51:34 -0500
Served asset /users.js - 304 Not Modified (0ms)


Started GET "/assets/users.css?body=1" for 127.0.0.1 at 2013-12-09 09:51:34 -0500
Served asset /users.css - 304 Not Modified (0ms)


Started POST "/users" for 127.0.0.1 at 2013-12-09 09:51:53 -0500
Processing by UsersController#create as HTML
  Parameters: {"utf8"=>"✓", "authenticity_token"=>"tAbZM0r93DURb+EkD+J0i7BlKHYD0ke8LXHqThBS0FE=", "user"=>{"name"=>"John Smith", "email"=>"John.Smith@gmail.com"}, "commit"=>"Create User"}
  [1m[35m (0.1ms)[0m  begin transaction
  [1m[36mSQL (52.2ms)[0m  [1mINSERT INTO "users" ("created_at", "email", "name", "updated_at") VALUES (?, ?, ?, ?)[0m  [["created_at", Mon, 09 Dec 2013 14:51:53 UTC +00:00], ["email", "John.Smith@gmail.com"], ["name", "John Smith"], ["updated_at", Mon, 09 Dec 2013 14:51:53 UTC +00:00]]
  [1m[35m (1.5ms)[0m  commit transaction
Redirected to http://localhost:3000/users/1
Completed 302 Found in 57ms (ActiveRecord: 53.7ms)


Started GET "/users/1" for 127.0.0.1 at 2013-12-09 09:51:53 -0500
Processing by UsersController#show as HTML
  Parameters: {"id"=>"1"}
  [1m[36mUser Load (0.2ms)[0m  [1mSELECT "users".* FROM "users" WHERE "users"."id" = ? LIMIT 1[0m  [["id", "1"]]
  Rendered users/show.html.erb within layouts/application (0.8ms)
Completed 200 OK in 6ms (Views: 4.0ms | ActiveRecord: 0.2ms)


Started GET "/assets/scaffolds.css?body=1" for 127.0.0.1 at 2013-12-09 09:51:53 -0500
Served asset /scaffolds.css - 304 Not Modified (0ms)


Started GET "/assets/users.css?body=1" for 127.0.0.1 at 2013-12-09 09:51:53 -0500
Served asset /users.css - 304 Not Modified (0ms)


Started GET "/assets/users.js?body=1" for 127.0.0.1 at 2013-12-09 09:51:53 -0500
Served asset /users.js - 304 Not Modified (0ms)


Started GET "/users/1/edit" for 127.0.0.1 at 2013-12-09 10:01:23 -0500
Processing by UsersController#edit as HTML
  Parameters: {"id"=>"1"}
  [1m[35mUser Load (0.1ms)[0m  SELECT "users".* FROM "users" WHERE "users"."id" = ? LIMIT 1  [["id", "1"]]
  Rendered users/_form.html.erb (1.6ms)
  Rendered users/edit.html.erb within layouts/application (2.7ms)
Completed 200 OK in 7ms (Views: 5.7ms | ActiveRecord: 0.1ms)


Started GET "/assets/scaffolds.css?body=1" for 127.0.0.1 at 2013-12-09 10:01:23 -0500
Served asset /scaffolds.css - 304 Not Modified (0ms)


Started GET "/assets/jquery.js?body=1" for 127.0.0.1 at 2013-12-09 10:01:23 -0500
Served asset /jquery.js - 304 Not Modified (0ms)


Started GET "/assets/users.js?body=1" for 127.0.0.1 at 2013-12-09 10:01:23 -0500
Served asset /users.js - 304 Not Modified (0ms)


Started GET "/assets/users.css?body=1" for 127.0.0.1 at 2013-12-09 10:01:23 -0500
Served asset /users.css - 304 Not Modified (0ms)


Started GET "/assets/jquery_ujs.js?body=1" for 127.0.0.1 at 2013-12-09 10:01:23 -0500
Served asset /jquery_ujs.js - 304 Not Modified (0ms)


Started PUT "/users/1" for 127.0.0.1 at 2013-12-09 10:01:36 -0500
Processing by UsersController#update as HTML
  Parameters: {"utf8"=>"✓", "authenticity_token"=>"tAbZM0r93DURb+EkD+J0i7BlKHYD0ke8LXHqThBS0FE=", "user"=>{"name"=>"John Smith", "email"=>"John.Smith2@gmail.com"}, "commit"=>"Update User", "id"=>"1"}
  [1m[36mUser Load (0.1ms)[0m  [1mSELECT "users".* FROM "users" WHERE "users"."id" = ? LIMIT 1[0m  [["id", "1"]]
  [1m[35m (0.0ms)[0m  begin transaction
  [1m[36m (0.2ms)[0m  [1mUPDATE "users" SET "email" = 'John.Smith2@gmail.com', "updated_at" = '2013-12-09 15:01:36.952249' WHERE "users"."id" = 1[0m
  [1m[35m (28.4ms)[0m  commit transaction
Redirected to http://localhost:3000/users/1
Completed 302 Found in 32ms (ActiveRecord: 28.7ms)


Started GET "/users/1" for 127.0.0.1 at 2013-12-09 10:01:36 -0500
Processing by UsersController#show as HTML
  Parameters: {"id"=>"1"}
  [1m[36mUser Load (0.1ms)[0m  [1mSELECT "users".* FROM "users" WHERE "users"."id" = ? LIMIT 1[0m  [["id", "1"]]
  Rendered users/show.html.erb within layouts/application (0.4ms)
Completed 200 OK in 5ms (Views: 4.7ms | ActiveRecord: 0.1ms)


Started GET "/assets/scaffolds.css?body=1" for 127.0.0.1 at 2013-12-09 10:01:37 -0500
Served asset /scaffolds.css - 304 Not Modified (0ms)


Started GET "/assets/users.css?body=1" for 127.0.0.1 at 2013-12-09 10:01:37 -0500
Served asset /users.css - 304 Not Modified (0ms)


Started GET "/assets/jquery.js?body=1" for 127.0.0.1 at 2013-12-09 10:01:37 -0500
Served asset /jquery.js - 304 Not Modified (0ms)


Started GET "/assets/jquery_ujs.js?body=1" for 127.0.0.1 at 2013-12-09 10:01:37 -0500
Served asset /jquery_ujs.js - 304 Not Modified (0ms)


Started GET "/assets/users.js?body=1" for 127.0.0.1 at 2013-12-09 10:01:37 -0500
Served asset /users.js - 304 Not Modified (0ms)


Started GET "/users/1/edit" for 127.0.0.1 at 2013-12-09 10:04:20 -0500
Processing by UsersController#edit as HTML
  Parameters: {"id"=>"1"}
  [1m[35mUser Load (0.1ms)[0m  SELECT "users".* FROM "users" WHERE "users"."id" = ? LIMIT 1  [["id", "1"]]
  Rendered users/_form.html.erb (1.5ms)
  Rendered users/edit.html.erb within layouts/application (2.2ms)
Completed 200 OK in 6ms (Views: 4.9ms | ActiveRecord: 0.1ms)


Started GET "/assets/scaffolds.css?body=1" for 127.0.0.1 at 2013-12-09 10:04:20 -0500
Served asset /scaffolds.css - 304 Not Modified (0ms)


Started GET "/assets/jquery.js?body=1" for 127.0.0.1 at 2013-12-09 10:04:20 -0500
Served asset /jquery.js - 304 Not Modified (0ms)


Started GET "/assets/jquery_ujs.js?body=1" for 127.0.0.1 at 2013-12-09 10:04:20 -0500
Served asset /jquery_ujs.js - 304 Not Modified (0ms)


Started GET "/assets/users.css?body=1" for 127.0.0.1 at 2013-12-09 10:04:20 -0500
Served asset /users.css - 304 Not Modified (0ms)


Started GET "/assets/users.js?body=1" for 127.0.0.1 at 2013-12-09 10:04:20 -0500
Served asset /users.js - 304 Not Modified (0ms)


Started GET "/users" for 127.0.0.1 at 2013-12-09 10:04:23 -0500
Processing by UsersController#index as HTML
  [1m[36mUser Load (0.1ms)[0m  [1mSELECT "users".* FROM "users" [0m
  Rendered users/index.html.erb within layouts/application (0.8ms)
Completed 200 OK in 4ms (Views: 3.7ms | ActiveRecord: 0.1ms)


Started GET "/assets/scaffolds.css?body=1" for 127.0.0.1 at 2013-12-09 10:04:23 -0500
Served asset /scaffolds.css - 304 Not Modified (0ms)


Started GET "/assets/users.css?body=1" for 127.0.0.1 at 2013-12-09 10:04:23 -0500
Served asset /users.css - 304 Not Modified (0ms)


Started GET "/assets/jquery_ujs.js?body=1" for 127.0.0.1 at 2013-12-09 10:04:23 -0500
Served asset /jquery_ujs.js - 304 Not Modified (0ms)


Started GET "/assets/jquery.js?body=1" for 127.0.0.1 at 2013-12-09 10:04:23 -0500
Served asset /jquery.js - 304 Not Modified (0ms)


Started GET "/assets/users.js?body=1" for 127.0.0.1 at 2013-12-09 10:04:23 -0500
Served asset /users.js - 304 Not Modified (0ms)


Started GET "/users/new" for 127.0.0.1 at 2013-12-09 10:04:26 -0500
Processing by UsersController#new as HTML
  Rendered users/_form.html.erb (1.4ms)
  Rendered users/new.html.erb within layouts/application (2.1ms)
Completed 200 OK in 5ms (Views: 5.0ms | ActiveRecord: 0.0ms)


Started GET "/assets/scaffolds.css?body=1" for 127.0.0.1 at 2013-12-09 10:04:26 -0500
Served asset /scaffolds.css - 304 Not Modified (0ms)


Started GET "/assets/users.css?body=1" for 127.0.0.1 at 2013-12-09 10:04:26 -0500
Served asset /users.css - 304 Not Modified (0ms)


Started GET "/assets/jquery.js?body=1" for 127.0.0.1 at 2013-12-09 10:04:26 -0500
Served asset /jquery.js - 304 Not Modified (0ms)


Started GET "/assets/users.js?body=1" for 127.0.0.1 at 2013-12-09 10:04:26 -0500
Served asset /users.js - 304 Not Modified (0ms)


Started GET "/assets/jquery_ujs.js?body=1" for 127.0.0.1 at 2013-12-09 10:04:26 -0500
Served asset /jquery_ujs.js - 304 Not Modified (0ms)


Started POST "/users" for 127.0.0.1 at 2013-12-09 10:04:37 -0500
Processing by UsersController#create as HTML
  Parameters: {"utf8"=>"✓", "authenticity_token"=>"tAbZM0r93DURb+EkD+J0i7BlKHYD0ke8LXHqThBS0FE=", "user"=>{"name"=>"Chris Appleseed", "email"=>"Chris.A@gmail.com"}, "commit"=>"Create User"}
  [1m[35m (0.1ms)[0m  begin transaction
  [1m[36mSQL (0.3ms)[0m  [1mINSERT INTO "users" ("created_at", "email", "name", "updated_at") VALUES (?, ?, ?, ?)[0m  [["created_at", Mon, 09 Dec 2013 15:04:37 UTC +00:00], ["email", "Chris.A@gmail.com"], ["name", "Chris Appleseed"], ["updated_at", Mon, 09 Dec 2013 15:04:37 UTC +00:00]]
  [1m[35m (1.2ms)[0m  commit transaction
Redirected to http://localhost:3000/users/2
Completed 302 Found in 3ms (ActiveRecord: 1.6ms)


Started GET "/users/2" for 127.0.0.1 at 2013-12-09 10:04:37 -0500
Processing by UsersController#show as HTML
  Parameters: {"id"=>"2"}
  [1m[36mUser Load (0.1ms)[0m  [1mSELECT "users".* FROM "users" WHERE "users"."id" = ? LIMIT 1[0m  [["id", "2"]]
  Rendered users/show.html.erb within layouts/application (0.5ms)
Completed 200 OK in 5ms (Views: 4.6ms | ActiveRecord: 0.1ms)


Started GET "/assets/scaffolds.css?body=1" for 127.0.0.1 at 2013-12-09 10:04:37 -0500
Served asset /scaffolds.css - 304 Not Modified (0ms)


Started GET "/assets/jquery_ujs.js?body=1" for 127.0.0.1 at 2013-12-09 10:04:37 -0500
Served asset /jquery_ujs.js - 304 Not Modified (0ms)


Started GET "/assets/users.css?body=1" for 127.0.0.1 at 2013-12-09 10:04:37 -0500
Served asset /users.css - 304 Not Modified (0ms)


Started GET "/assets/users.js?body=1" for 127.0.0.1 at 2013-12-09 10:04:37 -0500
Served asset /users.js - 304 Not Modified (0ms)


Started GET "/assets/jquery.js?body=1" for 127.0.0.1 at 2013-12-09 10:04:37 -0500
Served asset /jquery.js - 304 Not Modified (0ms)


Started GET "/users" for 127.0.0.1 at 2013-12-09 10:04:38 -0500
Processing by UsersController#index as HTML
  [1m[35mUser Load (0.1ms)[0m  SELECT "users".* FROM "users" 
  Rendered users/index.html.erb within layouts/application (1.2ms)
Completed 200 OK in 5ms (Views: 4.2ms | ActiveRecord: 0.1ms)


Started GET "/assets/scaffolds.css?body=1" for 127.0.0.1 at 2013-12-09 10:04:38 -0500
Served asset /scaffolds.css - 304 Not Modified (0ms)


Started GET "/assets/users.js?body=1" for 127.0.0.1 at 2013-12-09 10:04:38 -0500
Served asset /users.js - 304 Not Modified (0ms)


Started GET "/assets/jquery.js?body=1" for 127.0.0.1 at 2013-12-09 10:04:38 -0500
Served asset /jquery.js - 304 Not Modified (0ms)


Started GET "/assets/users.css?body=1" for 127.0.0.1 at 2013-12-09 10:04:38 -0500
Served asset /users.css - 304 Not Modified (0ms)


Started GET "/assets/jquery_ujs.js?body=1" for 127.0.0.1 at 2013-12-09 10:04:38 -0500
Served asset /jquery_ujs.js - 304 Not Modified (0ms)


Started DELETE "/users/2" for 127.0.0.1 at 2013-12-09 10:05:10 -0500
Processing by UsersController#destroy as HTML
  Parameters: {"authenticity_token"=>"tAbZM0r93DURb+EkD+J0i7BlKHYD0ke8LXHqThBS0FE=", "id"=>"2"}
  [1m[36mUser Load (0.1ms)[0m  [1mSELECT "users".* FROM "users" WHERE "users"."id" = ? LIMIT 1[0m  [["id", "2"]]
  [1m[35m (0.1ms)[0m  begin transaction
  [1m[36mSQL (21.1ms)[0m  [1mDELETE FROM "users" WHERE "users"."id" = ?[0m  [["id", 2]]
  [1m[35m (1.8ms)[0m  commit transaction
Redirected to http://localhost:3000/users
Completed 302 Found in 26ms (ActiveRecord: 23.0ms)


Started GET "/users" for 127.0.0.1 at 2013-12-09 10:05:10 -0500
Processing by UsersController#index as HTML
  [1m[36mUser Load (0.1ms)[0m  [1mSELECT "users".* FROM "users" [0m
  Rendered users/index.html.erb within layouts/application (0.9ms)
Completed 200 OK in 5ms (Views: 4.0ms | ActiveRecord: 0.1ms)


Started GET "/assets/scaffolds.css?body=1" for 127.0.0.1 at 2013-12-09 10:05:10 -0500
Served asset /scaffolds.css - 304 Not Modified (0ms)


Started GET "/assets/jquery_ujs.js?body=1" for 127.0.0.1 at 2013-12-09 10:05:10 -0500
Served asset /jquery_ujs.js - 304 Not Modified (0ms)


Started GET "/assets/users.css?body=1" for 127.0.0.1 at 2013-12-09 10:05:10 -0500
Served asset /users.css - 304 Not Modified (0ms)


Started GET "/assets/jquery.js?body=1" for 127.0.0.1 at 2013-12-09 10:05:10 -0500
Served asset /jquery.js - 304 Not Modified (0ms)


Started GET "/assets/users.js?body=1" for 127.0.0.1 at 2013-12-09 10:05:10 -0500
Served asset /users.js - 304 Not Modified (0ms)
Connecting to database specified by database.yml
Connecting to database specified by database.yml
  [1m[36m (0.9ms)[0m  [1mSELECT "schema_migrations"."version" FROM "schema_migrations" [0m
Migrating to CreateUsers (20131209144657)
Migrating to CreateMicroposts (20131209153109)
  [1m[35m (0.0ms)[0m  select sqlite_version(*)
  [1m[36m (0.0ms)[0m  [1mbegin transaction[0m
  [1m[35m (0.4ms)[0m  CREATE TABLE "microposts" ("id" INTEGER PRIMARY KEY AUTOINCREMENT NOT NULL, "content" varchar(255), "user_id" integer, "created_at" datetime NOT NULL, "updated_at" datetime NOT NULL) 
  [1m[36m (0.1ms)[0m  [1mINSERT INTO "schema_migrations" ("version") VALUES ('20131209153109')[0m
  [1m[35m (2.5ms)[0m  commit transaction
  [1m[36m (0.1ms)[0m  [1mSELECT "schema_migrations"."version" FROM "schema_migrations" [0m


Started GET "/assets/rails.png" for 127.0.0.1 at 2013-12-09 10:35:37 -0500
Connecting to database specified by database.yml
Served asset /rails.png - 304 Not Modified (8ms)


Started GET "/microposts" for 127.0.0.1 at 2013-12-09 10:35:46 -0500
Processing by MicropostsController#index as HTML
  [1m[36mMicropost Load (0.1ms)[0m  [1mSELECT "microposts".* FROM "microposts" [0m
  Rendered microposts/index.html.erb within layouts/application (22.5ms)
Compiled microposts.css  (4ms)  (pid 63606)
Compiled application.css  (11ms)  (pid 63606)
Compiled microposts.js  (154ms)  (pid 63606)
Compiled application.js  (164ms)  (pid 63606)
Completed 200 OK in 281ms (Views: 249.5ms | ActiveRecord: 1.1ms)


Started GET "/assets/application.css?body=1" for 127.0.0.1 at 2013-12-09 10:35:46 -0500
Served asset /application.css - 304 Not Modified (8ms)


Started GET "/assets/jquery_ujs.js?body=1" for 127.0.0.1 at 2013-12-09 10:35:46 -0500
Served asset /jquery_ujs.js - 304 Not Modified (2ms)


Started GET "/assets/jquery.js?body=1" for 127.0.0.1 at 2013-12-09 10:35:46 -0500
Served asset /jquery.js - 304 Not Modified (10ms)


Started GET "/assets/scaffolds.css?body=1" for 127.0.0.1 at 2013-12-09 10:35:46 -0500
Served asset /scaffolds.css - 304 Not Modified (3ms)


Started GET "/assets/users.css?body=1" for 127.0.0.1 at 2013-12-09 10:35:47 -0500
Served asset /users.css - 304 Not Modified (2ms)


Started GET "/assets/microposts.js?body=1" for 127.0.0.1 at 2013-12-09 10:35:47 -0500
Served asset /microposts.js - 200 OK (1ms)


Started GET "/assets/microposts.css?body=1" for 127.0.0.1 at 2013-12-09 10:35:47 -0500
Served asset /microposts.css - 200 OK (2ms)


Started GET "/assets/users.js?body=1" for 127.0.0.1 at 2013-12-09 10:35:47 -0500
Served asset /users.js - 304 Not Modified (1ms)


Started GET "/assets/application.js?body=1" for 127.0.0.1 at 2013-12-09 10:35:47 -0500
Served asset /application.js - 304 Not Modified (7ms)


Started GET "/microposts/new" for 127.0.0.1 at 2013-12-09 10:35:49 -0500
Processing by MicropostsController#new as HTML
  Rendered microposts/_form.html.erb (5.6ms)
  Rendered microposts/new.html.erb within layouts/application (8.6ms)
Completed 200 OK in 16ms (Views: 12.5ms | ActiveRecord: 0.0ms)


Started GET "/assets/application.css?body=1" for 127.0.0.1 at 2013-12-09 10:35:49 -0500
Served asset /application.css - 304 Not Modified (0ms)


Started GET "/assets/users.js?body=1" for 127.0.0.1 at 2013-12-09 10:35:49 -0500
Served asset /users.js - 304 Not Modified (0ms)


Started GET "/assets/jquery.js?body=1" for 127.0.0.1 at 2013-12-09 10:35:49 -0500
Served asset /jquery.js - 304 Not Modified (0ms)


Started GET "/assets/scaffolds.css?body=1" for 127.0.0.1 at 2013-12-09 10:35:49 -0500
Served asset /scaffolds.css - 304 Not Modified (0ms)


Started GET "/assets/jquery_ujs.js?body=1" for 127.0.0.1 at 2013-12-09 10:35:49 -0500
Served asset /jquery_ujs.js - 304 Not Modified (0ms)


Started GET "/assets/application.js?body=1" for 127.0.0.1 at 2013-12-09 10:35:49 -0500
Served asset /application.js - 304 Not Modified (0ms)


Started GET "/assets/users.css?body=1" for 127.0.0.1 at 2013-12-09 10:35:49 -0500
Served asset /users.css - 304 Not Modified (0ms)


Started POST "/microposts" for 127.0.0.1 at 2013-12-09 10:36:40 -0500
Processing by MicropostsController#create as HTML
  Parameters: {"utf8"=>"✓", "authenticity_token"=>"tAbZM0r93DURb+EkD+J0i7BlKHYD0ke8LXHqThBS0FE=", "micropost"=>{"content"=>"First MicroPost!", "user_id"=>"1"}, "commit"=>"Create Micropost"}
  [1m[35m (0.1ms)[0m  begin transaction
  [1m[36mSQL (281.4ms)[0m  [1mINSERT INTO "microposts" ("content", "created_at", "updated_at", "user_id") VALUES (?, ?, ?, ?)[0m  [["content", "First MicroPost!"], ["created_at", Mon, 09 Dec 2013 15:36:40 UTC +00:00], ["updated_at", Mon, 09 Dec 2013 15:36:40 UTC +00:00], ["user_id", 1]]
  [1m[35m (1.5ms)[0m  commit transaction
Redirected to http://localhost:3000/microposts/1
Completed 302 Found in 286ms (ActiveRecord: 283.0ms)


Started GET "/microposts/1" for 127.0.0.1 at 2013-12-09 10:36:41 -0500
Processing by MicropostsController#show as HTML
  Parameters: {"id"=>"1"}
  [1m[36mMicropost Load (0.2ms)[0m  [1mSELECT "microposts".* FROM "microposts" WHERE "microposts"."id" = ? LIMIT 1[0m  [["id", "1"]]
  Rendered microposts/show.html.erb within layouts/application (1.1ms)
Completed 200 OK in 7ms (Views: 5.0ms | ActiveRecord: 0.2ms)


Started GET "/assets/application.css?body=1" for 127.0.0.1 at 2013-12-09 10:36:41 -0500
Served asset /application.css - 304 Not Modified (0ms)


Started GET "/assets/microposts.css?body=1" for 127.0.0.1 at 2013-12-09 10:36:41 -0500
Served asset /microposts.css - 304 Not Modified (0ms)


Started GET "/assets/microposts.js?body=1" for 127.0.0.1 at 2013-12-09 10:36:41 -0500
Served asset /microposts.js - 304 Not Modified (0ms)


Started GET "/assets/jquery_ujs.js?body=1" for 127.0.0.1 at 2013-12-09 10:36:41 -0500
Served asset /jquery_ujs.js - 304 Not Modified (0ms)


Started GET "/assets/jquery.js?body=1" for 127.0.0.1 at 2013-12-09 10:36:41 -0500
Served asset /jquery.js - 304 Not Modified (0ms)


Started GET "/assets/scaffolds.css?body=1" for 127.0.0.1 at 2013-12-09 10:36:41 -0500
Served asset /scaffolds.css - 304 Not Modified (0ms)


Started GET "/assets/users.css?body=1" for 127.0.0.1 at 2013-12-09 10:36:41 -0500
Served asset /users.css - 304 Not Modified (0ms)


Started GET "/assets/users.js?body=1" for 127.0.0.1 at 2013-12-09 10:36:41 -0500
Served asset /users.js - 304 Not Modified (0ms)


Started GET "/assets/application.js?body=1" for 127.0.0.1 at 2013-12-09 10:36:41 -0500
Served asset /application.js - 304 Not Modified (0ms)


Started GET "/microposts" for 127.0.0.1 at 2013-12-09 10:36:43 -0500
Processing by MicropostsController#index as HTML
  [1m[35mMicropost Load (0.2ms)[0m  SELECT "microposts".* FROM "microposts" 
  Rendered microposts/index.html.erb within layouts/application (0.8ms)
Completed 200 OK in 6ms (Views: 5.4ms | ActiveRecord: 0.2ms)


Started GET "/assets/microposts.css?body=1" for 127.0.0.1 at 2013-12-09 10:36:43 -0500
Served asset /microposts.css - 304 Not Modified (0ms)


Started GET "/assets/scaffolds.css?body=1" for 127.0.0.1 at 2013-12-09 10:36:43 -0500
Served asset /scaffolds.css - 304 Not Modified (0ms)


Started GET "/assets/users.css?body=1" for 127.0.0.1 at 2013-12-09 10:36:43 -0500
Served asset /users.css - 304 Not Modified (0ms)


Started GET "/assets/application.css?body=1" for 127.0.0.1 at 2013-12-09 10:36:43 -0500
Served asset /application.css - 304 Not Modified (0ms)


Started GET "/assets/jquery_ujs.js?body=1" for 127.0.0.1 at 2013-12-09 10:36:43 -0500
Served asset /jquery_ujs.js - 304 Not Modified (0ms)


Started GET "/assets/jquery.js?body=1" for 127.0.0.1 at 2013-12-09 10:36:43 -0500
Served asset /jquery.js - 304 Not Modified (0ms)


Started GET "/assets/microposts.js?body=1" for 127.0.0.1 at 2013-12-09 10:36:43 -0500
Served asset /microposts.js - 304 Not Modified (0ms)


Started GET "/assets/users.js?body=1" for 127.0.0.1 at 2013-12-09 10:36:43 -0500
Served asset /users.js - 304 Not Modified (0ms)


Started GET "/assets/application.js?body=1" for 127.0.0.1 at 2013-12-09 10:36:43 -0500
Served asset /application.js - 304 Not Modified (0ms)


Started GET "/microposts/new" for 127.0.0.1 at 2013-12-09 10:36:44 -0500
Processing by MicropostsController#new as HTML
  Rendered microposts/_form.html.erb (1.5ms)
  Rendered microposts/new.html.erb within layouts/application (2.1ms)
Completed 200 OK in 6ms (Views: 5.8ms | ActiveRecord: 0.0ms)


Started GET "/assets/application.css?body=1" for 127.0.0.1 at 2013-12-09 10:36:44 -0500
Served asset /application.css - 304 Not Modified (0ms)


Started GET "/assets/scaffolds.css?body=1" for 127.0.0.1 at 2013-12-09 10:36:44 -0500
Served asset /scaffolds.css - 304 Not Modified (0ms)


Started GET "/assets/microposts.css?body=1" for 127.0.0.1 at 2013-12-09 10:36:44 -0500
Served asset /microposts.css - 304 Not Modified (0ms)


Started GET "/assets/users.css?body=1" for 127.0.0.1 at 2013-12-09 10:36:44 -0500
Served asset /users.css - 304 Not Modified (0ms)


Started GET "/assets/microposts.js?body=1" for 127.0.0.1 at 2013-12-09 10:36:44 -0500
Served asset /microposts.js - 304 Not Modified (0ms)


Started GET "/assets/jquery.js?body=1" for 127.0.0.1 at 2013-12-09 10:36:44 -0500
Served asset /jquery.js - 304 Not Modified (0ms)


Started GET "/assets/jquery_ujs.js?body=1" for 127.0.0.1 at 2013-12-09 10:36:44 -0500
Served asset /jquery_ujs.js - 304 Not Modified (0ms)


Started GET "/assets/users.js?body=1" for 127.0.0.1 at 2013-12-09 10:36:44 -0500
Served asset /users.js - 304 Not Modified (0ms)


Started GET "/assets/application.js?body=1" for 127.0.0.1 at 2013-12-09 10:36:44 -0500
Served asset /application.js - 304 Not Modified (0ms)


Started POST "/microposts" for 127.0.0.1 at 2013-12-09 10:36:53 -0500
Processing by MicropostsController#create as HTML
  Parameters: {"utf8"=>"✓", "authenticity_token"=>"tAbZM0r93DURb+EkD+J0i7BlKHYD0ke8LXHqThBS0FE=", "micropost"=>{"content"=>"Second Micropost!!", "user_id"=>"1"}, "commit"=>"Create Micropost"}
  [1m[36m (0.1ms)[0m  [1mbegin transaction[0m
  [1m[35mSQL (0.3ms)[0m  INSERT INTO "microposts" ("content", "created_at", "updated_at", "user_id") VALUES (?, ?, ?, ?)  [["content", "Second Micropost!!"], ["created_at", Mon, 09 Dec 2013 15:36:53 UTC +00:00], ["updated_at", Mon, 09 Dec 2013 15:36:53 UTC +00:00], ["user_id", 1]]
  [1m[36m (1.3ms)[0m  [1mcommit transaction[0m
Redirected to http://localhost:3000/microposts/2
Completed 302 Found in 4ms (ActiveRecord: 1.7ms)


Started GET "/microposts/2" for 127.0.0.1 at 2013-12-09 10:36:53 -0500
Processing by MicropostsController#show as HTML
  Parameters: {"id"=>"2"}
  [1m[35mMicropost Load (0.1ms)[0m  SELECT "microposts".* FROM "microposts" WHERE "microposts"."id" = ? LIMIT 1  [["id", "2"]]
  Rendered microposts/show.html.erb within layouts/application (0.5ms)
Completed 200 OK in 5ms (Views: 4.2ms | ActiveRecord: 0.1ms)


Started GET "/assets/microposts.css?body=1" for 127.0.0.1 at 2013-12-09 10:36:53 -0500
Served asset /microposts.css - 304 Not Modified (0ms)


Started GET "/assets/users.css?body=1" for 127.0.0.1 at 2013-12-09 10:36:53 -0500
Served asset /users.css - 304 Not Modified (0ms)


Started GET "/assets/application.css?body=1" for 127.0.0.1 at 2013-12-09 10:36:53 -0500
Served asset /application.css - 304 Not Modified (0ms)


Started GET "/assets/scaffolds.css?body=1" for 127.0.0.1 at 2013-12-09 10:36:53 -0500
Served asset /scaffolds.css - 304 Not Modified (0ms)


Started GET "/assets/jquery.js?body=1" for 127.0.0.1 at 2013-12-09 10:36:53 -0500
Served asset /jquery.js - 304 Not Modified (0ms)


Started GET "/assets/jquery_ujs.js?body=1" for 127.0.0.1 at 2013-12-09 10:36:53 -0500
Served asset /jquery_ujs.js - 304 Not Modified (0ms)


Started GET "/assets/microposts.js?body=1" for 127.0.0.1 at 2013-12-09 10:36:53 -0500
Served asset /microposts.js - 304 Not Modified (0ms)


Started GET "/assets/users.js?body=1" for 127.0.0.1 at 2013-12-09 10:36:53 -0500
Served asset /users.js - 304 Not Modified (0ms)


Started GET "/assets/application.js?body=1" for 127.0.0.1 at 2013-12-09 10:36:53 -0500
Served asset /application.js - 304 Not Modified (0ms)


Started GET "/microposts" for 127.0.0.1 at 2013-12-09 10:36:55 -0500
Processing by MicropostsController#index as HTML
  [1m[36mMicropost Load (0.1ms)[0m  [1mSELECT "microposts".* FROM "microposts" [0m
  Rendered microposts/index.html.erb within layouts/application (1.2ms)
Completed 200 OK in 5ms (Views: 4.6ms | ActiveRecord: 0.1ms)


Started GET "/assets/application.css?body=1" for 127.0.0.1 at 2013-12-09 10:36:55 -0500
Served asset /application.css - 304 Not Modified (0ms)


Started GET "/assets/users.css?body=1" for 127.0.0.1 at 2013-12-09 10:36:55 -0500
Served asset /users.css - 304 Not Modified (0ms)


Started GET "/assets/scaffolds.css?body=1" for 127.0.0.1 at 2013-12-09 10:36:55 -0500
Served asset /scaffolds.css - 304 Not Modified (0ms)


Started GET "/assets/microposts.css?body=1" for 127.0.0.1 at 2013-12-09 10:36:55 -0500
Served asset /microposts.css - 304 Not Modified (0ms)


Started GET "/assets/jquery.js?body=1" for 127.0.0.1 at 2013-12-09 10:36:55 -0500
Served asset /jquery.js - 304 Not Modified (0ms)


Started GET "/assets/jquery_ujs.js?body=1" for 127.0.0.1 at 2013-12-09 10:36:55 -0500
Served asset /jquery_ujs.js - 304 Not Modified (0ms)


Started GET "/assets/microposts.js?body=1" for 127.0.0.1 at 2013-12-09 10:36:55 -0500
Served asset /microposts.js - 304 Not Modified (0ms)


Started GET "/assets/users.js?body=1" for 127.0.0.1 at 2013-12-09 10:36:55 -0500
Served asset /users.js - 304 Not Modified (0ms)


Started GET "/assets/application.js?body=1" for 127.0.0.1 at 2013-12-09 10:36:55 -0500
Served asset /application.js - 304 Not Modified (0ms)


Started GET "/microposts" for 127.0.0.1 at 2013-12-09 10:40:36 -0500
Connecting to database specified by database.yml
Processing by MicropostsController#index as HTML
  [1m[36mMicropost Load (0.1ms)[0m  [1mSELECT "microposts".* FROM "microposts" [0m
  Rendered microposts/index.html.erb within layouts/application (2.8ms)
Completed 200 OK in 36ms (Views: 20.9ms | ActiveRecord: 1.2ms)


Started GET "/assets/application.css?body=1" for 127.0.0.1 at 2013-12-09 10:40:36 -0500
Served asset /application.css - 304 Not Modified (10ms)


Started GET "/assets/users.css?body=1" for 127.0.0.1 at 2013-12-09 10:40:36 -0500
Served asset /users.css - 304 Not Modified (1ms)


Started GET "/assets/jquery.js?body=1" for 127.0.0.1 at 2013-12-09 10:40:36 -0500
Served asset /jquery.js - 304 Not Modified (3ms)


Started GET "/assets/scaffolds.css?body=1" for 127.0.0.1 at 2013-12-09 10:40:36 -0500
Served asset /scaffolds.css - 304 Not Modified (1ms)


Started GET "/assets/microposts.css?body=1" for 127.0.0.1 at 2013-12-09 10:40:36 -0500
Served asset /microposts.css - 304 Not Modified (1ms)


Started GET "/assets/jquery_ujs.js?body=1" for 127.0.0.1 at 2013-12-09 10:40:36 -0500
Served asset /jquery_ujs.js - 304 Not Modified (5ms)


Started GET "/assets/microposts.js?body=1" for 127.0.0.1 at 2013-12-09 10:40:36 -0500
Served asset /microposts.js - 304 Not Modified (1ms)


Started GET "/assets/users.js?body=1" for 127.0.0.1 at 2013-12-09 10:40:36 -0500
Served asset /users.js - 304 Not Modified (1ms)


Started GET "/assets/application.js?body=1" for 127.0.0.1 at 2013-12-09 10:40:36 -0500
Served asset /application.js - 304 Not Modified (5ms)


Started GET "/microposts/new" for 127.0.0.1 at 2013-12-09 10:40:38 -0500
Processing by MicropostsController#new as HTML
  Rendered microposts/_form.html.erb (4.9ms)
  Rendered microposts/new.html.erb within layouts/application (7.0ms)
Completed 200 OK in 11ms (Views: 10.9ms | ActiveRecord: 0.0ms)


Started GET "/assets/application.css?body=1" for 127.0.0.1 at 2013-12-09 10:40:38 -0500
Served asset /application.css - 304 Not Modified (0ms)


Started GET "/assets/scaffolds.css?body=1" for 127.0.0.1 at 2013-12-09 10:40:38 -0500
Served asset /scaffolds.css - 304 Not Modified (0ms)


Started GET "/assets/jquery.js?body=1" for 127.0.0.1 at 2013-12-09 10:40:38 -0500
Served asset /jquery.js - 304 Not Modified (0ms)


Started GET "/assets/jquery_ujs.js?body=1" for 127.0.0.1 at 2013-12-09 10:40:38 -0500
Served asset /jquery_ujs.js - 304 Not Modified (0ms)


Started GET "/assets/users.css?body=1" for 127.0.0.1 at 2013-12-09 10:40:38 -0500
Served asset /users.css - 304 Not Modified (0ms)


Started GET "/assets/microposts.css?body=1" for 127.0.0.1 at 2013-12-09 10:40:38 -0500
Served asset /microposts.css - 304 Not Modified (0ms)


Started GET "/assets/microposts.js?body=1" for 127.0.0.1 at 2013-12-09 10:40:38 -0500
Served asset /microposts.js - 304 Not Modified (0ms)


Started GET "/assets/users.js?body=1" for 127.0.0.1 at 2013-12-09 10:40:38 -0500
Served asset /users.js - 304 Not Modified (0ms)


Started GET "/assets/application.js?body=1" for 127.0.0.1 at 2013-12-09 10:40:38 -0500
Served asset /application.js - 304 Not Modified (0ms)


Started POST "/microposts" for 127.0.0.1 at 2013-12-09 10:41:18 -0500
Processing by MicropostsController#create as HTML
  Parameters: {"utf8"=>"✓", "authenticity_token"=>"tAbZM0r93DURb+EkD+J0i7BlKHYD0ke8LXHqThBS0FE=", "micropost"=>{"content"=>"Any micropost worthy of the name should have some means of enforcing the length of the post. Implementing this constraint in Rails is easy with validations; to accept microposts with at most 140 characters (à la Twitter), we use a length validation. At this point, you should open the file app/models/micropost.rb in your text editor or IDE and fill it with the contents of Listing 2.9. (The use of validates in Listing 2.9 is characteristic of Rails 3; if you’ve previously worked with Rails 2.3, you should compare this to the use of validates_length_of.)", "user_id"=>"1"}, "commit"=>"Create Micropost"}
  [1m[35m (0.1ms)[0m  begin transaction
  [1m[36m (0.0ms)[0m  [1mrollback transaction[0m
  Rendered microposts/_form.html.erb (1.8ms)
  Rendered microposts/new.html.erb within layouts/application (2.8ms)
Completed 200 OK in 9ms (Views: 7.3ms | ActiveRecord: 0.1ms)


Started GET "/assets/application.css?body=1" for 127.0.0.1 at 2013-12-09 10:41:18 -0500
Served asset /application.css - 304 Not Modified (0ms)


Started GET "/assets/microposts.css?body=1" for 127.0.0.1 at 2013-12-09 10:41:18 -0500
Served asset /microposts.css - 304 Not Modified (0ms)


Started GET "/assets/scaffolds.css?body=1" for 127.0.0.1 at 2013-12-09 10:41:18 -0500
Served asset /scaffolds.css - 304 Not Modified (0ms)


Started GET "/assets/jquery.js?body=1" for 127.0.0.1 at 2013-12-09 10:41:18 -0500
Served asset /jquery.js - 304 Not Modified (0ms)


Started GET "/assets/users.css?body=1" for 127.0.0.1 at 2013-12-09 10:41:18 -0500
Served asset /users.css - 304 Not Modified (0ms)


Started GET "/assets/jquery_ujs.js?body=1" for 127.0.0.1 at 2013-12-09 10:41:18 -0500
Served asset /jquery_ujs.js - 304 Not Modified (0ms)


Started GET "/assets/microposts.js?body=1" for 127.0.0.1 at 2013-12-09 10:41:18 -0500
Served asset /microposts.js - 304 Not Modified (0ms)


Started GET "/assets/users.js?body=1" for 127.0.0.1 at 2013-12-09 10:41:18 -0500
Served asset /users.js - 304 Not Modified (0ms)


Started GET "/assets/application.js?body=1" for 127.0.0.1 at 2013-12-09 10:41:18 -0500
Served asset /application.js - 304 Not Modified (0ms)
Connecting to database specified by database.yml
